{"/mnt/c/Users/scott-kushnier/Documents/household/career/springboard/node/biztime-2/app.js": {"path":"/mnt/c/Users/scott-kushnier/Documents/household/career/springboard/node/biztime-2/app.js","statementMap":{"0":{"start":{"line":3,"column":16},"end":{"line":3,"column":34}},"1":{"start":{"line":5,"column":12},"end":{"line":5,"column":21}},"2":{"start":{"line":6,"column":21},"end":{"line":6,"column":46}},"3":{"start":{"line":8,"column":22},"end":{"line":8,"column":51}},"4":{"start":{"line":9,"column":22},"end":{"line":9,"column":50}},"5":{"start":{"line":11,"column":0},"end":{"line":11,"column":37}},"6":{"start":{"line":13,"column":0},"end":{"line":13,"column":36}},"7":{"start":{"line":15,"column":0},"end":{"line":15,"column":21}}},"fnMap":{},"branchMap":{},"s":{"0":1,"1":1,"2":1,"3":1,"4":1,"5":1,"6":1,"7":1},"f":{},"b":{},"_coverageSchema":"1a1c01bbd47fc00a2c39e90264f33305004495a9","hash":"86fb9ae73ea7d2a0ef51af87a63dbe661ab49de2"}
,"/mnt/c/Users/scott-kushnier/Documents/household/career/springboard/node/biztime-2/db.js": {"path":"/mnt/c/Users/scott-kushnier/Documents/household/career/springboard/node/biztime-2/db.js","statementMap":{"0":{"start":{"line":3,"column":19},"end":{"line":3,"column":32}},"1":{"start":{"line":7,"column":0},"end":{"line":11,"column":1}},"2":{"start":{"line":8,"column":2},"end":{"line":8,"column":40}},"3":{"start":{"line":10,"column":2},"end":{"line":10,"column":35}},"4":{"start":{"line":15,"column":9},"end":{"line":15,"column":49}},"5":{"start":{"line":17,"column":0},"end":{"line":17,"column":25}},"6":{"start":{"line":21,"column":0},"end":{"line":21,"column":13}},"7":{"start":{"line":23,"column":0},"end":{"line":23,"column":20}}},"fnMap":{},"branchMap":{"0":{"loc":{"start":{"line":7,"column":0},"end":{"line":11,"column":1}},"type":"if","locations":[{"start":{"line":7,"column":0},"end":{"line":11,"column":1}},{"start":{"line":9,"column":7},"end":{"line":11,"column":1}}],"line":7}},"s":{"0":1,"1":1,"2":1,"3":0,"4":1,"5":1,"6":1,"7":1},"f":{},"b":{"0":[1,0]},"_coverageSchema":"1a1c01bbd47fc00a2c39e90264f33305004495a9","hash":"6b02e1a6b26a1a1092e3a1e5b1e7edb082338e4a"}
,"/mnt/c/Users/scott-kushnier/Documents/household/career/springboard/node/biztime-2/expressError.js": {"path":"/mnt/c/Users/scott-kushnier/Documents/household/career/springboard/node/biztime-2/expressError.js","statementMap":{"0":{"start":{"line":9,"column":4},"end":{"line":9,"column":12}},"1":{"start":{"line":10,"column":4},"end":{"line":10,"column":27}},"2":{"start":{"line":11,"column":4},"end":{"line":11,"column":25}},"3":{"start":{"line":12,"column":4},"end":{"line":12,"column":30}},"4":{"start":{"line":17,"column":0},"end":{"line":17,"column":30}}},"fnMap":{"0":{"name":"(anonymous_0)","decl":{"start":{"line":8,"column":2},"end":{"line":8,"column":3}},"loc":{"start":{"line":8,"column":31},"end":{"line":13,"column":3}},"line":8}},"branchMap":{},"s":{"0":0,"1":0,"2":0,"3":0,"4":1},"f":{"0":0},"b":{},"_coverageSchema":"1a1c01bbd47fc00a2c39e90264f33305004495a9","hash":"2214ad37c5b5f704a2d9bd3780d033eb1d2a41b8"}
,"/mnt/c/Users/scott-kushnier/Documents/household/career/springboard/node/biztime-2/routes/companies.js": {"path":"/mnt/c/Users/scott-kushnier/Documents/household/career/springboard/node/biztime-2/routes/companies.js","statementMap":{"0":{"start":{"line":1,"column":16},"end":{"line":1,"column":34}},"1":{"start":{"line":2,"column":11},"end":{"line":2,"column":27}},"2":{"start":{"line":4,"column":15},"end":{"line":4,"column":35}},"3":{"start":{"line":6,"column":0},"end":{"line":6,"column":27}},"4":{"start":{"line":8,"column":0},"end":{"line":15,"column":3}},"5":{"start":{"line":9,"column":2},"end":{"line":14,"column":3}},"6":{"start":{"line":10,"column":20},"end":{"line":10,"column":61}},"7":{"start":{"line":11,"column":4},"end":{"line":11,"column":49}},"8":{"start":{"line":13,"column":4},"end":{"line":13,"column":14}},"9":{"start":{"line":17,"column":0},"end":{"line":39,"column":3}},"10":{"start":{"line":18,"column":2},"end":{"line":38,"column":3}},"11":{"start":{"line":19,"column":17},"end":{"line":19,"column":32}},"12":{"start":{"line":21,"column":20},"end":{"line":23,"column":6}},"13":{"start":{"line":24,"column":4},"end":{"line":34,"column":5}},"14":{"start":{"line":25,"column":23},"end":{"line":28,"column":7}},"15":{"start":{"line":29,"column":6},"end":{"line":31,"column":9}},"16":{"start":{"line":33,"column":6},"end":{"line":33,"column":43}},"17":{"start":{"line":37,"column":4},"end":{"line":37,"column":14}},"18":{"start":{"line":41,"column":0},"end":{"line":53,"column":3}},"19":{"start":{"line":42,"column":2},"end":{"line":52,"column":3}},"20":{"start":{"line":43,"column":4},"end":{"line":43,"column":20}},"21":{"start":{"line":45,"column":20},"end":{"line":48,"column":5}},"22":{"start":{"line":49,"column":4},"end":{"line":49,"column":51}},"23":{"start":{"line":51,"column":4},"end":{"line":51,"column":14}},"24":{"start":{"line":55,"column":0},"end":{"line":77,"column":3}},"25":{"start":{"line":56,"column":2},"end":{"line":76,"column":3}},"26":{"start":{"line":57,"column":17},"end":{"line":57,"column":32}},"27":{"start":{"line":58,"column":4},"end":{"line":58,"column":20}},"28":{"start":{"line":59,"column":19},"end":{"line":62,"column":5}},"29":{"start":{"line":63,"column":4},"end":{"line":73,"column":5}},"30":{"start":{"line":64,"column":6},"end":{"line":70,"column":9}},"31":{"start":{"line":72,"column":6},"end":{"line":72,"column":43}},"32":{"start":{"line":75,"column":4},"end":{"line":75,"column":14}},"33":{"start":{"line":79,"column":0},"end":{"line":93,"column":3}},"34":{"start":{"line":80,"column":2},"end":{"line":92,"column":3}},"35":{"start":{"line":81,"column":17},"end":{"line":81,"column":32}},"36":{"start":{"line":82,"column":20},"end":{"line":84,"column":6}},"37":{"start":{"line":85,"column":4},"end":{"line":89,"column":5}},"38":{"start":{"line":86,"column":6},"end":{"line":86,"column":45}},"39":{"start":{"line":88,"column":6},"end":{"line":88,"column":43}},"40":{"start":{"line":91,"column":4},"end":{"line":91,"column":14}},"41":{"start":{"line":95,"column":0},"end":{"line":95,"column":24}}},"fnMap":{"0":{"name":"(anonymous_0)","decl":{"start":{"line":8,"column":16},"end":{"line":8,"column":17}},"loc":{"start":{"line":8,"column":48},"end":{"line":15,"column":1}},"line":8},"1":{"name":"(anonymous_1)","decl":{"start":{"line":17,"column":21},"end":{"line":17,"column":22}},"loc":{"start":{"line":17,"column":53},"end":{"line":39,"column":1}},"line":17},"2":{"name":"(anonymous_2)","decl":{"start":{"line":41,"column":17},"end":{"line":41,"column":18}},"loc":{"start":{"line":41,"column":49},"end":{"line":53,"column":1}},"line":41},"3":{"name":"(anonymous_3)","decl":{"start":{"line":55,"column":21},"end":{"line":55,"column":22}},"loc":{"start":{"line":55,"column":53},"end":{"line":77,"column":1}},"line":55},"4":{"name":"(anonymous_4)","decl":{"start":{"line":79,"column":24},"end":{"line":79,"column":25}},"loc":{"start":{"line":79,"column":56},"end":{"line":93,"column":1}},"line":79}},"branchMap":{"0":{"loc":{"start":{"line":24,"column":4},"end":{"line":34,"column":5}},"type":"if","locations":[{"start":{"line":24,"column":4},"end":{"line":34,"column":5}},{"start":{"line":32,"column":11},"end":{"line":34,"column":5}}],"line":24},"1":{"loc":{"start":{"line":63,"column":4},"end":{"line":73,"column":5}},"type":"if","locations":[{"start":{"line":63,"column":4},"end":{"line":73,"column":5}},{"start":{"line":71,"column":11},"end":{"line":73,"column":5}}],"line":63},"2":{"loc":{"start":{"line":85,"column":4},"end":{"line":89,"column":5}},"type":"if","locations":[{"start":{"line":85,"column":4},"end":{"line":89,"column":5}},{"start":{"line":87,"column":11},"end":{"line":89,"column":5}}],"line":85}},"s":{"0":1,"1":1,"2":1,"3":1,"4":1,"5":1,"6":1,"7":1,"8":0,"9":1,"10":1,"11":1,"12":1,"13":1,"14":1,"15":1,"16":0,"17":0,"18":1,"19":11,"20":11,"21":11,"22":11,"23":0,"24":1,"25":1,"26":1,"27":1,"28":1,"29":1,"30":1,"31":0,"32":0,"33":1,"34":1,"35":1,"36":1,"37":1,"38":1,"39":0,"40":0,"41":1},"f":{"0":1,"1":1,"2":11,"3":1,"4":1},"b":{"0":[1,0],"1":[1,0],"2":[1,0]},"_coverageSchema":"1a1c01bbd47fc00a2c39e90264f33305004495a9","hash":"1ad362feffb8a70bca8aa2d80c677ffddb0b8937"}
,"/mnt/c/Users/scott-kushnier/Documents/household/career/springboard/node/biztime-2/routes/invoices.js": {"path":"/mnt/c/Users/scott-kushnier/Documents/household/career/springboard/node/biztime-2/routes/invoices.js","statementMap":{"0":{"start":{"line":1,"column":16},"end":{"line":1,"column":34}},"1":{"start":{"line":2,"column":11},"end":{"line":2,"column":27}},"2":{"start":{"line":4,"column":15},"end":{"line":4,"column":35}},"3":{"start":{"line":6,"column":0},"end":{"line":6,"column":27}},"4":{"start":{"line":8,"column":0},"end":{"line":15,"column":3}},"5":{"start":{"line":9,"column":2},"end":{"line":14,"column":3}},"6":{"start":{"line":10,"column":20},"end":{"line":10,"column":60}},"7":{"start":{"line":11,"column":4},"end":{"line":11,"column":48}},"8":{"start":{"line":13,"column":4},"end":{"line":13,"column":14}},"9":{"start":{"line":17,"column":0},"end":{"line":31,"column":3}},"10":{"start":{"line":18,"column":2},"end":{"line":30,"column":3}},"11":{"start":{"line":19,"column":15},"end":{"line":19,"column":28}},"12":{"start":{"line":20,"column":20},"end":{"line":22,"column":6}},"13":{"start":{"line":23,"column":4},"end":{"line":27,"column":5}},"14":{"start":{"line":24,"column":6},"end":{"line":24,"column":52}},"15":{"start":{"line":26,"column":6},"end":{"line":26,"column":43}},"16":{"start":{"line":29,"column":4},"end":{"line":29,"column":14}},"17":{"start":{"line":33,"column":0},"end":{"line":46,"column":3}},"18":{"start":{"line":34,"column":2},"end":{"line":45,"column":3}},"19":{"start":{"line":35,"column":4},"end":{"line":35,"column":20}},"20":{"start":{"line":37,"column":20},"end":{"line":40,"column":5}},"21":{"start":{"line":42,"column":4},"end":{"line":42,"column":50}},"22":{"start":{"line":44,"column":4},"end":{"line":44,"column":14}},"23":{"start":{"line":48,"column":0},"end":{"line":85,"column":3}},"24":{"start":{"line":49,"column":2},"end":{"line":84,"column":3}},"25":{"start":{"line":50,"column":15},"end":{"line":50,"column":28}},"26":{"start":{"line":51,"column":20},"end":{"line":51,"column":28}},"27":{"start":{"line":52,"column":4},"end":{"line":52,"column":28}},"28":{"start":{"line":53,"column":26},"end":{"line":56,"column":5}},"29":{"start":{"line":57,"column":4},"end":{"line":59,"column":5}},"30":{"start":{"line":58,"column":6},"end":{"line":58,"column":43}},"31":{"start":{"line":60,"column":20},"end":{"line":60,"column":41}},"32":{"start":{"line":62,"column":4},"end":{"line":65,"column":5}},"33":{"start":{"line":63,"column":6},"end":{"line":63,"column":79}},"34":{"start":{"line":64,"column":6},"end":{"line":64,"column":38}},"35":{"start":{"line":66,"column":4},"end":{"line":69,"column":5}},"36":{"start":{"line":67,"column":6},"end":{"line":67,"column":46}},"37":{"start":{"line":68,"column":6},"end":{"line":68,"column":38}},"38":{"start":{"line":70,"column":19},"end":{"line":73,"column":5}},"39":{"start":{"line":75,"column":4},"end":{"line":81,"column":5}},"40":{"start":{"line":76,"column":6},"end":{"line":78,"column":9}},"41":{"start":{"line":80,"column":6},"end":{"line":80,"column":43}},"42":{"start":{"line":83,"column":4},"end":{"line":83,"column":14}},"43":{"start":{"line":87,"column":0},"end":{"line":99,"column":3}},"44":{"start":{"line":88,"column":2},"end":{"line":98,"column":3}},"45":{"start":{"line":89,"column":15},"end":{"line":89,"column":28}},"46":{"start":{"line":90,"column":20},"end":{"line":90,"column":78}},"47":{"start":{"line":91,"column":4},"end":{"line":95,"column":5}},"48":{"start":{"line":92,"column":6},"end":{"line":92,"column":45}},"49":{"start":{"line":94,"column":6},"end":{"line":94,"column":43}},"50":{"start":{"line":97,"column":4},"end":{"line":97,"column":14}},"51":{"start":{"line":103,"column":0},"end":{"line":106,"column":3}},"52":{"start":{"line":104,"column":14},"end":{"line":104,"column":48}},"53":{"start":{"line":105,"column":2},"end":{"line":105,"column":19}},"54":{"start":{"line":110,"column":0},"end":{"line":117,"column":3}},"55":{"start":{"line":111,"column":2},"end":{"line":111,"column":32}},"56":{"start":{"line":113,"column":2},"end":{"line":116,"column":5}},"57":{"start":{"line":119,"column":0},"end":{"line":119,"column":24}}},"fnMap":{"0":{"name":"(anonymous_0)","decl":{"start":{"line":8,"column":16},"end":{"line":8,"column":17}},"loc":{"start":{"line":8,"column":48},"end":{"line":15,"column":1}},"line":8},"1":{"name":"(anonymous_1)","decl":{"start":{"line":17,"column":19},"end":{"line":17,"column":20}},"loc":{"start":{"line":17,"column":51},"end":{"line":31,"column":1}},"line":17},"2":{"name":"(anonymous_2)","decl":{"start":{"line":33,"column":17},"end":{"line":33,"column":18}},"loc":{"start":{"line":33,"column":49},"end":{"line":46,"column":1}},"line":33},"3":{"name":"(anonymous_3)","decl":{"start":{"line":48,"column":19},"end":{"line":48,"column":20}},"loc":{"start":{"line":48,"column":51},"end":{"line":85,"column":1}},"line":48},"4":{"name":"(anonymous_4)","decl":{"start":{"line":87,"column":22},"end":{"line":87,"column":23}},"loc":{"start":{"line":87,"column":54},"end":{"line":99,"column":1}},"line":87},"5":{"name":"(anonymous_5)","decl":{"start":{"line":103,"column":11},"end":{"line":103,"column":12}},"loc":{"start":{"line":103,"column":37},"end":{"line":106,"column":1}},"line":103},"6":{"name":"(anonymous_6)","decl":{"start":{"line":110,"column":11},"end":{"line":110,"column":12}},"loc":{"start":{"line":110,"column":36},"end":{"line":117,"column":1}},"line":110}},"branchMap":{"0":{"loc":{"start":{"line":23,"column":4},"end":{"line":27,"column":5}},"type":"if","locations":[{"start":{"line":23,"column":4},"end":{"line":27,"column":5}},{"start":{"line":25,"column":11},"end":{"line":27,"column":5}}],"line":23},"1":{"loc":{"start":{"line":57,"column":4},"end":{"line":59,"column":5}},"type":"if","locations":[{"start":{"line":57,"column":4},"end":{"line":59,"column":5}},{"start":{},"end":{}}],"line":57},"2":{"loc":{"start":{"line":62,"column":4},"end":{"line":65,"column":5}},"type":"if","locations":[{"start":{"line":62,"column":4},"end":{"line":65,"column":5}},{"start":{},"end":{}}],"line":62},"3":{"loc":{"start":{"line":66,"column":4},"end":{"line":69,"column":5}},"type":"if","locations":[{"start":{"line":66,"column":4},"end":{"line":69,"column":5}},{"start":{},"end":{}}],"line":66},"4":{"loc":{"start":{"line":75,"column":4},"end":{"line":81,"column":5}},"type":"if","locations":[{"start":{"line":75,"column":4},"end":{"line":81,"column":5}},{"start":{"line":79,"column":11},"end":{"line":81,"column":5}}],"line":75},"5":{"loc":{"start":{"line":91,"column":4},"end":{"line":95,"column":5}},"type":"if","locations":[{"start":{"line":91,"column":4},"end":{"line":95,"column":5}},{"start":{"line":93,"column":11},"end":{"line":95,"column":5}}],"line":91},"6":{"loc":{"start":{"line":111,"column":13},"end":{"line":111,"column":30}},"type":"binary-expr","locations":[{"start":{"line":111,"column":13},"end":{"line":111,"column":23}},{"start":{"line":111,"column":27},"end":{"line":111,"column":30}}],"line":111}},"s":{"0":1,"1":1,"2":1,"3":1,"4":1,"5":0,"6":0,"7":0,"8":0,"9":1,"10":0,"11":0,"12":0,"13":0,"14":0,"15":0,"16":0,"17":1,"18":0,"19":0,"20":0,"21":0,"22":0,"23":1,"24":0,"25":0,"26":0,"27":0,"28":0,"29":0,"30":0,"31":0,"32":0,"33":0,"34":0,"35":0,"36":0,"37":0,"38":0,"39":0,"40":0,"41":0,"42":0,"43":1,"44":0,"45":0,"46":0,"47":0,"48":0,"49":0,"50":0,"51":1,"52":0,"53":0,"54":1,"55":0,"56":0,"57":1},"f":{"0":0,"1":0,"2":0,"3":0,"4":0,"5":0,"6":0},"b":{"0":[0,0],"1":[0,0],"2":[0,0],"3":[0,0],"4":[0,0],"5":[0,0],"6":[0,0]},"_coverageSchema":"1a1c01bbd47fc00a2c39e90264f33305004495a9","hash":"ff466d3277944b9ed75fc6e0b4188ed18c2d7111"}
}
